<?xml version="1.0" encoding="UTF-8"?>
<!-- Generated by org.testng.reporters.JUnitReportReporter -->
<testsuite hostname="LAPTOP-TBINTVVH" failures="0" tests="2" name="testNG.TestNG" time="20.471" errors="0" timestamp="2021-09-20T22:36:22 EDT" skipped="0">
  <testcase classname="testNG.TestNG" name="dropDownTest" time="11.580"/>
  <system-out/>
  <testcase classname="testNG.TestNG" name="secondPriority" time="8.891"/>
  <system-out/>
</testsuite> <!-- testNG.TestNG -->
